Using pre-set license
Built from '2021.3/staging' branch; Version is '2021.3.25f1 (68ef2c4f8861) revision 6876972'; Using compiler version '192829333'; Build Type 'Release'
OS: 'Windows 10  (10.0.19045) 64bit Professional' Language: 'ru' Physical Memory: 16271 MB
BatchMode: 1, IsHumanControllingUs: 0, StartBugReporterOnCrash: 0, Is64bit: 1, IsPro: 1

COMMAND LINE ARGUMENTS:
C:\Program Files\Unity\Hub\Editor\2021.3.25f1\Editor\Unity.exe
-adb2
-batchMode
-noUpm
-name
AssetImportWorker1
-projectPath
C:/Users/wills/TheFirstProject
-logFile
Logs/AssetImportWorker1.log
-srvPort
52411
Successfully changed project path to: C:/Users/wills/TheFirstProject
C:/Users/wills/TheFirstProject
[UnityMemory] Configuration Parameters - Can be set up in boot.config
    "memorysetup-bucket-allocator-granularity=16"
    "memorysetup-bucket-allocator-bucket-count=8"
    "memorysetup-bucket-allocator-block-size=33554432"
    "memorysetup-bucket-allocator-block-count=8"
    "memorysetup-main-allocator-block-size=16777216"
    "memorysetup-thread-allocator-block-size=16777216"
    "memorysetup-gfx-main-allocator-block-size=16777216"
    "memorysetup-gfx-thread-allocator-block-size=16777216"
    "memorysetup-cache-allocator-block-size=4194304"
    "memorysetup-typetree-allocator-block-size=2097152"
    "memorysetup-profiler-bucket-allocator-granularity=16"
    "memorysetup-profiler-bucket-allocator-bucket-count=8"
    "memorysetup-profiler-bucket-allocator-block-size=33554432"
    "memorysetup-profiler-bucket-allocator-block-count=8"
    "memorysetup-profiler-allocator-block-size=16777216"
    "memorysetup-profiler-editor-allocator-block-size=1048576"
    "memorysetup-temp-allocator-size-main=16777216"
    "memorysetup-job-temp-allocator-block-size=2097152"
    "memorysetup-job-temp-allocator-block-size-background=1048576"
    "memorysetup-job-temp-allocator-reduction-small-platforms=262144"
    "memorysetup-temp-allocator-size-background-worker=32768"
    "memorysetup-temp-allocator-size-job-worker=262144"
    "memorysetup-temp-allocator-size-preload-manager=33554432"
    "memorysetup-temp-allocator-size-nav-mesh-worker=65536"
    "memorysetup-temp-allocator-size-audio-worker=65536"
    "memorysetup-temp-allocator-size-cloud-worker=32768"
    "memorysetup-temp-allocator-size-gi-baking-worker=262144"
    "memorysetup-temp-allocator-size-gfx=262144"
Player connection [5152] Host "[IP] 26.15.55.29 [Port] 0 [Flags] 2 [Guid] 3318245850 [EditorId] 3318245850 [Version] 1048832 [Id] WindowsEditor(7,DESKTOP-KME4H98) [Debug] 1 [PackageName] WindowsEditor [ProjectName] Editor" joined multi-casting on [225.0.0.222:54997]...

Player connection [5152] Host "[IP] 26.15.55.29 [Port] 0 [Flags] 2 [Guid] 3318245850 [EditorId] 3318245850 [Version] 1048832 [Id] WindowsEditor(7,DESKTOP-KME4H98) [Debug] 1 [PackageName] WindowsEditor [ProjectName] Editor" joined alternative multi-casting on [225.0.0.222:34997]...

Refreshing native plugins compatible for Editor in 68.14 ms, found 3 plugins.
Preloading 0 native plugins for Editor in 0.00 ms.
Initialize engine version: 2021.3.25f1 (68ef2c4f8861)
[Subsystems] Discovering subsystems at path C:/Program Files/Unity/Hub/Editor/2021.3.25f1/Editor/Data/Resources/UnitySubsystems
[Subsystems] Discovering subsystems at path C:/Users/wills/TheFirstProject/Assets
GfxDevice: creating device client; threaded=0; jobified=0
Direct3D:
    Version:  Direct3D 11.0 [level 11.1]
    Renderer: NVIDIA GeForce RTX 2060 (ID=0x1f08)
    Vendor:   NVIDIA
    VRAM:     5968 MB
    Driver:   31.0.15.3179
Initialize mono
Mono path[0] = 'C:/Program Files/Unity/Hub/Editor/2021.3.25f1/Editor/Data/Managed'
Mono path[1] = 'C:/Program Files/Unity/Hub/Editor/2021.3.25f1/Editor/Data/MonoBleedingEdge/lib/mono/unityjit-win32'
Mono config path = 'C:/Program Files/Unity/Hub/Editor/2021.3.25f1/Editor/Data/MonoBleedingEdge/etc'
Using monoOptions --debugger-agent=transport=dt_socket,embedding=1,server=y,suspend=n,address=127.0.0.1:56696
Begin MonoManager ReloadAssembly
Registering precompiled unity dll's ...
Register platform support module: C:/Program Files/Unity/Hub/Editor/2021.3.25f1/Editor/Data/PlaybackEngines/WebGLSupport/UnityEditor.WebGL.Extensions.dll
Register platform support module: C:/Program Files/Unity/Hub/Editor/2021.3.25f1/Editor/Data/PlaybackEngines/WindowsStandaloneSupport/UnityEditor.WindowsStandalone.Extensions.dll
Registered in 0.006169 seconds.
Native extension for WindowsStandalone target not found
Native extension for WebGL target not found
Refreshing native plugins compatible for Editor in 61.11 ms, found 3 plugins.
Preloading 0 native plugins for Editor in 0.00 ms.
Mono: successfully reloaded assembly
- Completed reload, in  0.534 seconds
Domain Reload Profiling:
	ReloadAssembly (535ms)
		BeginReloadAssembly (77ms)
			ExecutionOrderSort (0ms)
			DisableScriptedObjects (0ms)
			BackupInstance (0ms)
			ReleaseScriptingObjects (0ms)
			CreateAndSetChildDomain (1ms)
		EndReloadAssembly (370ms)
			LoadAssemblies (75ms)
			RebuildTransferFunctionScriptingTraits (0ms)
			SetupTypeCache (93ms)
			ReleaseScriptCaches (0ms)
			RebuildScriptCaches (21ms)
			SetupLoadedEditorAssemblies (209ms)
				LogAssemblyErrors (0ms)
				InitializePlatformSupportModulesInManaged (8ms)
				SetLoadedEditorAssemblies (0ms)
				RefreshPlugins (61ms)
				BeforeProcessingInitializeOnLoad (1ms)
				ProcessInitializeOnLoadAttributes (102ms)
				ProcessInitializeOnLoadMethodAttributes (36ms)
				AfterProcessingInitializeOnLoad (0ms)
				EditorAssembliesLoaded (0ms)
			ExecutionOrderSort2 (0ms)
			AwakeInstancesAfterBackupRestoration (0ms)
Platform modules already initialized, skipping
Registering precompiled user dll's ...
Registered in 0.003962 seconds.
Begin MonoManager ReloadAssembly
Symbol file LoadedFromMemory doesn't match image C:\Users\wills\TheFirstProject\Library\PackageCache\com.unity.visualscripting@1.8.0\Editor\VisualScripting.Core\Dependencies\YamlDotNet\Unity.VisualScripting.YamlDotNet.dll
Symbol file LoadedFromMemory doesn't match image C:\Users\wills\TheFirstProject\Library\PackageCache\com.unity.visualscripting@1.8.0\Editor\VisualScripting.Core\Dependencies\DotNetZip\Unity.VisualScripting.IonicZip.dll
Native extension for WindowsStandalone target not found
Native extension for WebGL target not found
Refreshing native plugins compatible for Editor in 0.54 ms, found 3 plugins.
Preloading 0 native plugins for Editor in 0.00 ms.
Mono: successfully reloaded assembly
- Completed reload, in  0.819 seconds
Domain Reload Profiling:
	ReloadAssembly (819ms)
		BeginReloadAssembly (97ms)
			ExecutionOrderSort (0ms)
			DisableScriptedObjects (5ms)
			BackupInstance (0ms)
			ReleaseScriptingObjects (0ms)
			CreateAndSetChildDomain (17ms)
		EndReloadAssembly (635ms)
			LoadAssemblies (70ms)
			RebuildTransferFunctionScriptingTraits (0ms)
			SetupTypeCache (210ms)
			ReleaseScriptCaches (0ms)
			RebuildScriptCaches (49ms)
			SetupLoadedEditorAssemblies (272ms)
				LogAssemblyErrors (0ms)
				InitializePlatformSupportModulesInManaged (7ms)
				SetLoadedEditorAssemblies (0ms)
				RefreshPlugins (1ms)
				BeforeProcessingInitializeOnLoad (67ms)
				ProcessInitializeOnLoadAttributes (175ms)
				ProcessInitializeOnLoadMethodAttributes (15ms)
				AfterProcessingInitializeOnLoad (6ms)
				EditorAssembliesLoaded (0ms)
			ExecutionOrderSort2 (0ms)
			AwakeInstancesAfterBackupRestoration (5ms)
Platform modules already initialized, skipping
========================================================================
Worker process is ready to serve import requests
Launched and connected shader compiler UnityShaderCompiler.exe after 0.03 seconds
Refreshing native plugins compatible for Editor in 0.52 ms, found 3 plugins.
Preloading 0 native plugins for Editor in 0.00 ms.
Unloading 3184 Unused Serialized files (Serialized files now loaded: 0)
Unloading 36 unused Assets / (1.3 MB). Loaded Objects now: 3633.
Memory consumption went from 119.2 MB to 117.9 MB.
Total: 2.974300 ms (FindLiveObjects: 0.346200 ms CreateObjectMapping: 0.282900 ms MarkObjects: 2.083500 ms  DeleteObjects: 0.260800 ms)

AssetImportParameters requested are different than current active one (requested -> active):
  custom:video-decoder-ogg-theora: a1e56fd34408186e4bbccfd4996cb3dc -> 
  custom:container-muxer-webm: aa71ff27fc2769a1b78a27578f13a17b -> 
  custom:container-demuxer-webm: 4f35f7cbe854078d1ac9338744f61a02 -> 
  custom:video-encoder-webm-vp8: eb34c28f22e8b96e1ab97ce403110664 -> 
  custom:audio-encoder-webm-vorbis: bf7c407c2cedff20999df2af8eb42d56 -> 
  custom:framework-win-MediaFoundation: 216162199b28c13a410421893ffa2e32 -> 
  custom:container-demuxer-ogg: 62fdf1f143b41e24485cea50d1cbac27 -> 
  custom:video-decoder-webm-vp8: 9c59270c3fd7afecdb556c50c9e8de78 -> 
  custom:audio-decoder-ogg-vorbis: bf7c407c2cedff20999df2af8eb42d56 -> 
========================================================================
Received Import Request.
  Time since last request: 391466.961233 seconds.
  path: Assets/VillagePack/BigHouse/BigHousePrefab.prefab
  artifactKey: Guid(1e132733b84047940b6a9043814d6ee2) Importer(815301076,1909f56bfc062723c751e8b465ee728b)
Start importing Assets/VillagePack/BigHouse/BigHousePrefab.prefab using Guid(1e132733b84047940b6a9043814d6ee2) Importer(815301076,1909f56bfc062723c751e8b465ee728b)  -> (artifact id: '86e20db7cc9f200515e9a9b7a21dd2e5') in 0.359667 seconds 
========================================================================
Received Import Request.
  Time since last request: 5.095127 seconds.
  path: Assets/VillagePack/Well/Rope.png
  artifactKey: Guid(0b087a51403f18b419b1199af1720f4c) Importer(815301076,1909f56bfc062723c751e8b465ee728b)
Start importing Assets/VillagePack/Well/Rope.png using Guid(0b087a51403f18b419b1199af1720f4c) Importer(815301076,1909f56bfc062723c751e8b465ee728b)  -> (artifact id: '24f59cc1817a27c29d5974e9db94161b') in 0.043075 seconds 
========================================================================
Received Import Request.
  Time since last request: 0.000019 seconds.
  path: Assets/VillagePack/Well/Well.prefab
  artifactKey: Guid(22780bb3d42e70349b5857c462d56bcb) Importer(815301076,1909f56bfc062723c751e8b465ee728b)
Start importing Assets/VillagePack/Well/Well.prefab using Guid(22780bb3d42e70349b5857c462d56bcb) Importer(815301076,1909f56bfc062723c751e8b465ee728b)  -> (artifact id: 'ac31fa0f04bb74a8f197838784726afd') in 0.118794 seconds 
========================================================================
Received Import Request.
  Time since last request: 0.000015 seconds.
  path: Assets/VillagePack/Well/WellStick.png
  artifactKey: Guid(956d97028264af84f9a53ca6951cf2ae) Importer(815301076,1909f56bfc062723c751e8b465ee728b)
Start importing Assets/VillagePack/Well/WellStick.png using Guid(956d97028264af84f9a53ca6951cf2ae) Importer(815301076,1909f56bfc062723c751e8b465ee728b)  -> (artifact id: '1ee410eb373d7d0936df50997a187ccf') in 0.012729 seconds 
========================================================================
Received Import Request.
  Time since last request: 2.376295 seconds.
  path: Assets/VillagePack/OldHouse/VHDecorationWood.png
  artifactKey: Guid(f1f3a21fbeb4283488049ea216fcaad9) Importer(815301076,1909f56bfc062723c751e8b465ee728b)
Start importing Assets/VillagePack/OldHouse/VHDecorationWood.png using Guid(f1f3a21fbeb4283488049ea216fcaad9) Importer(815301076,1909f56bfc062723c751e8b465ee728b)  -> (artifact id: 'f31ea61b958ca8aa89aba3e5c4d8f7f3') in 0.012867 seconds 
========================================================================
Received Import Request.
  Time since last request: 0.000015 seconds.
  path: Assets/VillagePack/OldHouse/VhRoofBeamBump.png
  artifactKey: Guid(1f2ebf25d09b1b24ca0340d76fc6c70d) Importer(815301076,1909f56bfc062723c751e8b465ee728b)
Start importing Assets/VillagePack/OldHouse/VhRoofBeamBump.png using Guid(1f2ebf25d09b1b24ca0340d76fc6c70d) Importer(815301076,1909f56bfc062723c751e8b465ee728b)  -> (artifact id: 'a1930bdeffeeb158991407fbe191d7e9') in 0.017091 seconds 
========================================================================
Received Import Request.
  Time since last request: 0.000017 seconds.
  path: Assets/VillagePack/OldHouse/VHFloorbump.png
  artifactKey: Guid(20144227dc3d3084f855ee7bbb3e1cb2) Importer(815301076,1909f56bfc062723c751e8b465ee728b)
Start importing Assets/VillagePack/OldHouse/VHFloorbump.png using Guid(20144227dc3d3084f855ee7bbb3e1cb2) Importer(815301076,1909f56bfc062723c751e8b465ee728b)  -> (artifact id: 'c988e3d9f52155290ebccd3f17532186') in 0.013084 seconds 
========================================================================
Received Import Request.
  Time since last request: 0.000016 seconds.
  path: Assets/VillagePack/OldHouse/VHFrameWoodReflection.png
  artifactKey: Guid(b871b2c92bb308b4899d40f7fdc11da0) Importer(815301076,1909f56bfc062723c751e8b465ee728b)
Start importing Assets/VillagePack/OldHouse/VHFrameWoodReflection.png using Guid(b871b2c92bb308b4899d40f7fdc11da0) Importer(815301076,1909f56bfc062723c751e8b465ee728b)  -> (artifact id: 'b81c646138d0aa1b0af380fb81dbf12c') in 0.013050 seconds 
========================================================================
Received Import Request.
  Time since last request: 0.000016 seconds.
  path: Assets/VillagePack/OldHouse/VHWallsWood.png
  artifactKey: Guid(01538a64a4b1e9c47baacae8db4399ff) Importer(815301076,1909f56bfc062723c751e8b465ee728b)
Start importing Assets/VillagePack/OldHouse/VHWallsWood.png using Guid(01538a64a4b1e9c47baacae8db4399ff) Importer(815301076,1909f56bfc062723c751e8b465ee728b)  -> (artifact id: '598851eece706fbe0cda47154d0d4a6f') in 0.012399 seconds 
========================================================================
Received Import Request.
  Time since last request: 0.000016 seconds.
  path: Assets/VillagePack/OldHouse/VhRoofBeam.png
  artifactKey: Guid(96b5269f1b04f0d46b27d83b3c5c9e7d) Importer(815301076,1909f56bfc062723c751e8b465ee728b)
Start importing Assets/VillagePack/OldHouse/VhRoofBeam.png using Guid(96b5269f1b04f0d46b27d83b3c5c9e7d) Importer(815301076,1909f56bfc062723c751e8b465ee728b)  -> (artifact id: '4bec072816a6f01eb1e0f2bc1975810f') in 0.012288 seconds 
========================================================================
Received Import Request.
  Time since last request: 0.000084 seconds.
  path: Assets/VillagePack/OldHouse/VHRoofBump.png
  artifactKey: Guid(cf2650c5837f0e34dbd3c79ddd1e5202) Importer(815301076,1909f56bfc062723c751e8b465ee728b)
Start importing Assets/VillagePack/OldHouse/VHRoofBump.png using Guid(cf2650c5837f0e34dbd3c79ddd1e5202) Importer(815301076,1909f56bfc062723c751e8b465ee728b)  -> (artifact id: '116aa297db2fc897344f219abd404f55') in 0.016417 seconds 
========================================================================
Received Import Request.
  Time since last request: 0.000020 seconds.
  path: Assets/VillagePack/OldHouse/VHWallsWoodReflection.png
  artifactKey: Guid(628d677ce8e1e564fa24221710488702) Importer(815301076,1909f56bfc062723c751e8b465ee728b)
Start importing Assets/VillagePack/OldHouse/VHWallsWoodReflection.png using Guid(628d677ce8e1e564fa24221710488702) Importer(815301076,1909f56bfc062723c751e8b465ee728b)  -> (artifact id: 'bf8a96cf8597c120525a89a798a1e405') in 0.012828 seconds 
========================================================================
Received Import Request.
  Time since last request: 0.000017 seconds.
  path: Assets/VillagePack/OldHouse/VHFloorReflection.png
  artifactKey: Guid(69496a935f64b8d4e9af45080f1846cd) Importer(815301076,1909f56bfc062723c751e8b465ee728b)
Start importing Assets/VillagePack/OldHouse/VHFloorReflection.png using Guid(69496a935f64b8d4e9af45080f1846cd) Importer(815301076,1909f56bfc062723c751e8b465ee728b)  -> (artifact id: 'faae14e726b4a885bd6e185c4c029dc4') in 0.011605 seconds 
========================================================================
Received Import Request.
  Time since last request: 0.000015 seconds.
  path: Assets/VillagePack/OldHouse/VHDecorationWoodBump.png
  artifactKey: Guid(b09ddd850b05c71439414e3151feccb5) Importer(815301076,1909f56bfc062723c751e8b465ee728b)
Start importing Assets/VillagePack/OldHouse/VHDecorationWoodBump.png using Guid(b09ddd850b05c71439414e3151feccb5) Importer(815301076,1909f56bfc062723c751e8b465ee728b)  -> (artifact id: '7689f3ce53d19045da775cab25bb5ee5') in 0.011879 seconds 
========================================================================
Received Import Request.
  Time since last request: 0.000018 seconds.
  path: Assets/VillagePack/OldHouse/VHFrameWoodBump.png
  artifactKey: Guid(b32f987e367a5864e8b76d58821e2504) Importer(815301076,1909f56bfc062723c751e8b465ee728b)
Start importing Assets/VillagePack/OldHouse/VHFrameWoodBump.png using Guid(b32f987e367a5864e8b76d58821e2504) Importer(815301076,1909f56bfc062723c751e8b465ee728b)  -> (artifact id: '296ceee12c3aedd2c2d85a28e9933df2') in 0.012420 seconds 
========================================================================
Received Import Request.
  Time since last request: 0.000016 seconds.
  path: Assets/VillagePack/OldHouse/VHRoofReflection.png
  artifactKey: Guid(e5fe530986054d94fbb5d408360d7f99) Importer(815301076,1909f56bfc062723c751e8b465ee728b)
Start importing Assets/VillagePack/OldHouse/VHRoofReflection.png using Guid(e5fe530986054d94fbb5d408360d7f99) Importer(815301076,1909f56bfc062723c751e8b465ee728b)  -> (artifact id: 'ef4fe71653b9daea4822aed3b4d48c2f') in 0.011402 seconds 
========================================================================
Received Import Request.
  Time since last request: 0.000015 seconds.
  path: Assets/VillagePack/OldHouse/VHWallsWoodBump.png
  artifactKey: Guid(27cdd57b05f42c4429740b17d6318ee1) Importer(815301076,1909f56bfc062723c751e8b465ee728b)
Start importing Assets/VillagePack/OldHouse/VHWallsWoodBump.png using Guid(27cdd57b05f42c4429740b17d6318ee1) Importer(815301076,1909f56bfc062723c751e8b465ee728b)  -> (artifact id: 'a6c7c1682be050bc0fedb511487b999d') in 0.010981 seconds 
========================================================================
Received Import Request.
  Time since last request: 0.000013 seconds.
  path: Assets/VillagePack/OldHouse/VhRoofBeamReflection.png
  artifactKey: Guid(ab62098b6e725c14b9c87024566b2039) Importer(815301076,1909f56bfc062723c751e8b465ee728b)
Start importing Assets/VillagePack/OldHouse/VhRoofBeamReflection.png using Guid(ab62098b6e725c14b9c87024566b2039) Importer(815301076,1909f56bfc062723c751e8b465ee728b)  -> (artifact id: '34b20a83fcb0f00f430d9186fb3376bd') in 0.014718 seconds 
========================================================================
Received Import Request.
  Time since last request: 0.000018 seconds.
  path: Assets/VillagePack/OldHouse/VHFrameWood.png
  artifactKey: Guid(d5eb7e4e06f5ca34597ad309febb9151) Importer(815301076,1909f56bfc062723c751e8b465ee728b)
Start importing Assets/VillagePack/OldHouse/VHFrameWood.png using Guid(d5eb7e4e06f5ca34597ad309febb9151) Importer(815301076,1909f56bfc062723c751e8b465ee728b)  -> (artifact id: 'e022d2db7d71f609c371b883d6449807') in 0.013159 seconds 
========================================================================
Received Import Request.
  Time since last request: 0.000015 seconds.
  path: Assets/VillagePack/OldHouse/VHFloor.png
  artifactKey: Guid(7c43aecd6c9b73e46bf167c2cbbc8ce4) Importer(815301076,1909f56bfc062723c751e8b465ee728b)
Start importing Assets/VillagePack/OldHouse/VHFloor.png using Guid(7c43aecd6c9b73e46bf167c2cbbc8ce4) Importer(815301076,1909f56bfc062723c751e8b465ee728b)  -> (artifact id: 'de27da844c6a61147e5116a618f069d0') in 0.013028 seconds 
========================================================================
Received Import Request.
  Time since last request: 18.035034 seconds.
  path: Assets/VillagePack/BigHouse/Materials/VHFloor.mat
  artifactKey: Guid(7f335255e0b69e943a9a38f3a704e0ee) Importer(815301076,1909f56bfc062723c751e8b465ee728b)
Start importing Assets/VillagePack/BigHouse/Materials/VHFloor.mat using Guid(7f335255e0b69e943a9a38f3a704e0ee) Importer(815301076,1909f56bfc062723c751e8b465ee728b)  -> (artifact id: '4a12d096c638223911b4a8010a65862c') in 0.026464 seconds 
========================================================================
Received Import Request.
  Time since last request: 0.000016 seconds.
  path: Assets/VillagePack/BigHouse/Materials/VhRoofBeam.mat
  artifactKey: Guid(dcf833537ae27f74dae7503eec6a68f2) Importer(815301076,1909f56bfc062723c751e8b465ee728b)
Start importing Assets/VillagePack/BigHouse/Materials/VhRoofBeam.mat using Guid(dcf833537ae27f74dae7503eec6a68f2) Importer(815301076,1909f56bfc062723c751e8b465ee728b)  -> (artifact id: '20ade3eab3ea11ac7f2bbfecc07701c1') in 0.013690 seconds 
========================================================================
Received Import Request.
  Time since last request: 0.000017 seconds.
  path: Assets/VillagePack/BigHouse/Materials/VHFrameWood.mat
  artifactKey: Guid(5e46c1f423256044ba65716088265434) Importer(815301076,1909f56bfc062723c751e8b465ee728b)
Start importing Assets/VillagePack/BigHouse/Materials/VHFrameWood.mat using Guid(5e46c1f423256044ba65716088265434) Importer(815301076,1909f56bfc062723c751e8b465ee728b)  -> (artifact id: 'a506d959582e6cdce75ff818ffe6380c') in 0.012827 seconds 
Editor requested this worker to shutdown with reason: Scaling down because of idle timeout
AssetImportWorkerClient::OnTransportError - code=2 error=End of file
AssetImportWorker is now disconnected from the server
Process exiting
Exiting without the bug reporter. Application will terminate with return code 0